2021-06-16 00:34:01.690  INFO 146412 --- [main] EnableEncryptablePropertiesConfiguration : Bootstraping jasypt-string-boot auto configuration in context: application-1
2021-06-16 00:34:01.694  INFO 146412 --- [main] c.m.migration.MigrationApplication       : The following profiles are active: dev
2021-06-16 00:34:02.268  INFO 146412 --- [main] .s.d.r.c.RepositoryConfigurationDelegate : Bootstrapping Spring Data repositories in DEFAULT mode.
2021-06-16 00:34:02.377  INFO 146412 --- [main] .s.d.r.c.RepositoryConfigurationDelegate : Finished Spring Data repository scanning in 97ms. Found 1 repository interfaces.
2021-06-16 00:34:03.014  INFO 146412 --- [main] o.s.cloud.context.scope.GenericScope     : BeanFactory id=09131ef6-c1f9-31e8-b4d3-2f63905c301c
2021-06-16 00:34:03.061  INFO 146412 --- [main] ptablePropertiesBeanFactoryPostProcessor : Post-processing PropertySource instances
2021-06-16 00:34:03.079  INFO 146412 --- [main] c.u.j.EncryptablePropertySourceConverter : Converting PropertySource configurationProperties [org.springframework.boot.context.properties.source.ConfigurationPropertySourcesPropertySource] to AOP Proxy
2021-06-16 00:34:03.080  INFO 146412 --- [main] c.u.j.EncryptablePropertySourceConverter : Converting PropertySource servletConfigInitParams [org.springframework.core.env.PropertySource$StubPropertySource] to EncryptablePropertySourceWrapper
2021-06-16 00:34:03.081  INFO 146412 --- [main] c.u.j.EncryptablePropertySourceConverter : Converting PropertySource servletContextInitParams [org.springframework.core.env.PropertySource$StubPropertySource] to EncryptablePropertySourceWrapper
2021-06-16 00:34:03.081  INFO 146412 --- [main] c.u.j.EncryptablePropertySourceConverter : Converting PropertySource systemProperties [org.springframework.core.env.PropertiesPropertySource] to EncryptableMapPropertySourceWrapper
2021-06-16 00:34:03.083  INFO 146412 --- [main] c.u.j.EncryptablePropertySourceConverter : Converting PropertySource systemEnvironment [org.springframework.boot.env.SystemEnvironmentPropertySourceEnvironmentPostProcessor$OriginAwareSystemEnvironmentPropertySource] to EncryptableMapPropertySourceWrapper
2021-06-16 00:34:03.083  INFO 146412 --- [main] c.u.j.EncryptablePropertySourceConverter : Converting PropertySource random [org.springframework.boot.env.RandomValuePropertySource] to EncryptablePropertySourceWrapper
2021-06-16 00:34:03.083  INFO 146412 --- [main] c.u.j.EncryptablePropertySourceConverter : Converting PropertySource applicationConfig: [classpath:/application-dev.properties] [org.springframework.boot.env.OriginTrackedMapPropertySource] to EncryptableMapPropertySourceWrapper
2021-06-16 00:34:03.083  INFO 146412 --- [main] c.u.j.EncryptablePropertySourceConverter : Converting PropertySource applicationConfig: [classpath:/application.properties] [org.springframework.boot.env.OriginTrackedMapPropertySource] to EncryptableMapPropertySourceWrapper
2021-06-16 00:34:03.083  INFO 146412 --- [main] c.u.j.EncryptablePropertySourceConverter : Converting PropertySource springCloudClientHostInfo [org.springframework.core.env.MapPropertySource] to EncryptableMapPropertySourceWrapper
2021-06-16 00:34:03.083  INFO 146412 --- [main] c.u.j.EncryptablePropertySourceConverter : Converting PropertySource defaultProperties [org.springframework.core.env.MapPropertySource] to EncryptableMapPropertySourceWrapper
2021-06-16 00:34:03.214  INFO 146412 --- [main] trationDelegate$BeanPostProcessorChecker : Bean 'org.springframework.transaction.annotation.ProxyTransactionManagementConfiguration' of type [org.springframework.transaction.annotation.ProxyTransactionManagementConfiguration$$EnhancerBySpringCGLIB$$6aef133b] is not eligible for getting processed by all BeanPostProcessors (for example: not eligible for auto-proxying)
2021-06-16 00:34:03.258  INFO 146412 --- [main] trationDelegate$BeanPostProcessorChecker : Bean 'org.springframework.cloud.autoconfigure.ConfigurationPropertiesRebinderAutoConfiguration' of type [org.springframework.cloud.autoconfigure.ConfigurationPropertiesRebinderAutoConfiguration$$EnhancerBySpringCGLIB$$87091638] is not eligible for getting processed by all BeanPostProcessors (for example: not eligible for auto-proxying)
2021-06-16 00:34:03.353  INFO 146412 --- [main] c.u.j.r.DefaultLazyPropertyResolver      : Property Resolver custom Bean not found with name 'encryptablePropertyResolver'. Initializing Default Property Resolver
2021-06-16 00:34:03.357  INFO 146412 --- [main] c.u.j.d.DefaultLazyPropertyDetector      : Property Detector custom Bean not found with name 'encryptablePropertyDetector'. Initializing Default Property Detector
2021-06-16 00:34:03.873  INFO 146412 --- [main] o.s.b.w.embedded.tomcat.TomcatWebServer  : Tomcat initialized with port(s): 8083 (http)
2021-06-16 00:34:03.929  INFO 146412 --- [main] o.apache.catalina.core.StandardService   : Starting service [Tomcat]
2021-06-16 00:34:03.930  INFO 146412 --- [main] org.apache.catalina.core.StandardEngine  : Starting Servlet engine: [Apache Tomcat/9.0.21]
2021-06-16 00:34:04.130  INFO 146412 --- [main] o.a.c.c.C.[Tomcat].[localhost].[/api]    : Initializing Spring embedded WebApplicationContext
2021-06-16 00:34:04.131  INFO 146412 --- [main] o.s.web.context.ContextLoader            : Root WebApplicationContext: initialization completed in 2407 ms
2021-06-16 00:34:04.521  INFO 146412 --- [main] com.zaxxer.hikari.HikariDataSource       : migration-pool - Starting...
2021-06-16 00:34:04.975  INFO 146412 --- [main] com.zaxxer.hikari.HikariDataSource       : migration-pool - Start completed.
2021-06-16 00:34:05.101  INFO 146412 --- [main] o.hibernate.jpa.internal.util.LogHelper  : HHH000204: Processing PersistenceUnitInfo [
	name: default
	...]
2021-06-16 00:34:05.252  INFO 146412 --- [main] org.hibernate.Version                    : HHH000412: Hibernate Core {5.3.10.Final}
2021-06-16 00:34:05.255  INFO 146412 --- [main] org.hibernate.cfg.Environment            : HHH000206: hibernate.properties not found
2021-06-16 00:34:05.521  INFO 146412 --- [main] o.hibernate.annotations.common.Version   : HCANN000001: Hibernate Commons Annotations {5.0.4.Final}
2021-06-16 00:34:05.800  INFO 146412 --- [main] org.hibernate.dialect.Dialect            : HHH000400: Using dialect: org.hibernate.dialect.PostgreSQLDialect
2021-06-16 00:34:05.830  INFO 146412 --- [main] o.h.e.j.e.i.LobCreatorBuilderImpl        : HHH000422: Disabling contextual LOB creation as connection was null
2021-06-16 00:34:05.840  INFO 146412 --- [main] org.hibernate.type.BasicTypeRegistry     : HHH000270: Type registration [java.util.UUID] overrides previous : org.hibernate.type.UUIDBinaryType@6a5e167a
2021-06-16 00:34:06.084  WARN 146412 --- [main] org.hibernate.id.UUIDHexGenerator        : HHH000409: Using org.hibernate.id.UUIDHexGenerator which does not generate IETF RFC 4122 compliant UUID values; consider using org.hibernate.id.UUIDGenerator instead
2021-06-16 00:34:07.162  INFO 146412 --- [main] j.LocalContainerEntityManagerFactoryBean : Initialized JPA EntityManagerFactory for persistence unit 'default'
2021-06-16 00:34:07.189  INFO 146412 --- [main] c.u.j.encryptor.DefaultLazyEncryptor     : String Encryptor custom Bean not found with name 'jasyptStringEncryptor'. Initializing Default String Encryptor
2021-06-16 00:34:07.207  INFO 146412 --- [main] c.u.j.encryptor.DefaultLazyEncryptor     : Encryptor config not found for property jasypt.encryptor.algorithm, using default value: PBEWithMD5AndDES
2021-06-16 00:34:07.207  INFO 146412 --- [main] c.u.j.encryptor.DefaultLazyEncryptor     : Encryptor config not found for property jasypt.encryptor.keyObtentionIterations, using default value: 1000
2021-06-16 00:34:07.208  INFO 146412 --- [main] c.u.j.encryptor.DefaultLazyEncryptor     : Encryptor config not found for property jasypt.encryptor.poolSize, using default value: 1
2021-06-16 00:34:07.208  INFO 146412 --- [main] c.u.j.encryptor.DefaultLazyEncryptor     : Encryptor config not found for property jasypt.encryptor.providerName, using default value: null
2021-06-16 00:34:07.208  INFO 146412 --- [main] c.u.j.encryptor.DefaultLazyEncryptor     : Encryptor config not found for property jasypt.encryptor.providerClassName, using default value: null
2021-06-16 00:34:07.208  INFO 146412 --- [main] c.u.j.encryptor.DefaultLazyEncryptor     : Encryptor config not found for property jasypt.encryptor.saltGeneratorClassname, using default value: org.jasypt.salt.RandomSaltGenerator
2021-06-16 00:34:07.209  INFO 146412 --- [main] c.u.j.encryptor.DefaultLazyEncryptor     : Encryptor config not found for property jasypt.encryptor.stringOutputType, using default value: base64
2021-06-16 00:34:08.244  WARN 146412 --- [main] c.n.c.sources.URLConfigurationSource     : No URLs will be polled as dynamic configuration sources.
2021-06-16 00:34:08.244  INFO 146412 --- [main] c.n.c.sources.URLConfigurationSource     : To enable URLs as dynamic configuration sources, define System property archaius.configurationSource.additionalUrls or make config.properties available on classpath.
2021-06-16 00:34:08.253  WARN 146412 --- [main] c.n.c.sources.URLConfigurationSource     : No URLs will be polled as dynamic configuration sources.
2021-06-16 00:34:08.253  INFO 146412 --- [main] c.n.c.sources.URLConfigurationSource     : To enable URLs as dynamic configuration sources, define System property archaius.configurationSource.additionalUrls or make config.properties available on classpath.
2021-06-16 00:34:08.521  INFO 146412 --- [main] o.s.s.concurrent.ThreadPoolTaskExecutor  : Initializing ExecutorService 'applicationTaskExecutor'
2021-06-16 00:34:08.604  WARN 146412 --- [main] aWebConfiguration$JpaWebMvcConfiguration : spring.jpa.open-in-view is enabled by default. Therefore, database queries may be performed during view rendering. Explicitly configure spring.jpa.open-in-view to disable this warning
2021-06-16 00:34:09.057  INFO 146412 --- [main] o.s.b.w.embedded.tomcat.TomcatWebServer  : Tomcat started on port(s): 8083 (http) with context path '/api'
2021-06-16 00:34:09.060  INFO 146412 --- [main] c.m.migration.MigrationApplication       : Started MigrationApplication in 8.868 seconds (JVM running for 9.562)
2021-06-16 00:37:13.650  INFO 147172 --- [main] EnableEncryptablePropertiesConfiguration : Bootstraping jasypt-string-boot auto configuration in context: application-1
2021-06-16 00:37:13.651  INFO 147172 --- [main] c.m.migration.MigrationApplication       : The following profiles are active: dev
2021-06-16 00:37:14.303  INFO 147172 --- [main] .s.d.r.c.RepositoryConfigurationDelegate : Bootstrapping Spring Data repositories in DEFAULT mode.
2021-06-16 00:37:14.429  INFO 147172 --- [main] .s.d.r.c.RepositoryConfigurationDelegate : Finished Spring Data repository scanning in 111ms. Found 1 repository interfaces.
2021-06-16 00:37:14.925  INFO 147172 --- [main] o.s.cloud.context.scope.GenericScope     : BeanFactory id=09131ef6-c1f9-31e8-b4d3-2f63905c301c
2021-06-16 00:37:14.958  INFO 147172 --- [main] ptablePropertiesBeanFactoryPostProcessor : Post-processing PropertySource instances
2021-06-16 00:37:14.971  INFO 147172 --- [main] c.u.j.EncryptablePropertySourceConverter : Converting PropertySource configurationProperties [org.springframework.boot.context.properties.source.ConfigurationPropertySourcesPropertySource] to AOP Proxy
2021-06-16 00:37:14.972  INFO 147172 --- [main] c.u.j.EncryptablePropertySourceConverter : Converting PropertySource servletConfigInitParams [org.springframework.core.env.PropertySource$StubPropertySource] to EncryptablePropertySourceWrapper
2021-06-16 00:37:14.972  INFO 147172 --- [main] c.u.j.EncryptablePropertySourceConverter : Converting PropertySource servletContextInitParams [org.springframework.core.env.PropertySource$StubPropertySource] to EncryptablePropertySourceWrapper
2021-06-16 00:37:14.972  INFO 147172 --- [main] c.u.j.EncryptablePropertySourceConverter : Converting PropertySource systemProperties [org.springframework.core.env.PropertiesPropertySource] to EncryptableMapPropertySourceWrapper
2021-06-16 00:37:14.972  INFO 147172 --- [main] c.u.j.EncryptablePropertySourceConverter : Converting PropertySource systemEnvironment [org.springframework.boot.env.SystemEnvironmentPropertySourceEnvironmentPostProcessor$OriginAwareSystemEnvironmentPropertySource] to EncryptableMapPropertySourceWrapper
2021-06-16 00:37:14.972  INFO 147172 --- [main] c.u.j.EncryptablePropertySourceConverter : Converting PropertySource random [org.springframework.boot.env.RandomValuePropertySource] to EncryptablePropertySourceWrapper
2021-06-16 00:37:14.972  INFO 147172 --- [main] c.u.j.EncryptablePropertySourceConverter : Converting PropertySource applicationConfig: [classpath:/application-dev.properties] [org.springframework.boot.env.OriginTrackedMapPropertySource] to EncryptableMapPropertySourceWrapper
2021-06-16 00:37:14.972  INFO 147172 --- [main] c.u.j.EncryptablePropertySourceConverter : Converting PropertySource applicationConfig: [classpath:/application.properties] [org.springframework.boot.env.OriginTrackedMapPropertySource] to EncryptableMapPropertySourceWrapper
2021-06-16 00:37:14.973  INFO 147172 --- [main] c.u.j.EncryptablePropertySourceConverter : Converting PropertySource springCloudClientHostInfo [org.springframework.core.env.MapPropertySource] to EncryptableMapPropertySourceWrapper
2021-06-16 00:37:14.973  INFO 147172 --- [main] c.u.j.EncryptablePropertySourceConverter : Converting PropertySource defaultProperties [org.springframework.core.env.MapPropertySource] to EncryptableMapPropertySourceWrapper
2021-06-16 00:37:15.069  INFO 147172 --- [main] trationDelegate$BeanPostProcessorChecker : Bean 'org.springframework.transaction.annotation.ProxyTransactionManagementConfiguration' of type [org.springframework.transaction.annotation.ProxyTransactionManagementConfiguration$$EnhancerBySpringCGLIB$$a8f50e8e] is not eligible for getting processed by all BeanPostProcessors (for example: not eligible for auto-proxying)
2021-06-16 00:37:15.112  INFO 147172 --- [main] trationDelegate$BeanPostProcessorChecker : Bean 'org.springframework.cloud.autoconfigure.ConfigurationPropertiesRebinderAutoConfiguration' of type [org.springframework.cloud.autoconfigure.ConfigurationPropertiesRebinderAutoConfiguration$$EnhancerBySpringCGLIB$$c50f118b] is not eligible for getting processed by all BeanPostProcessors (for example: not eligible for auto-proxying)
2021-06-16 00:37:15.191  INFO 147172 --- [main] c.u.j.r.DefaultLazyPropertyResolver      : Property Resolver custom Bean not found with name 'encryptablePropertyResolver'. Initializing Default Property Resolver
2021-06-16 00:37:15.195  INFO 147172 --- [main] c.u.j.d.DefaultLazyPropertyDetector      : Property Detector custom Bean not found with name 'encryptablePropertyDetector'. Initializing Default Property Detector
2021-06-16 00:37:15.750  INFO 147172 --- [main] o.s.b.w.embedded.tomcat.TomcatWebServer  : Tomcat initialized with port(s): 8083 (http)
2021-06-16 00:37:15.812  INFO 147172 --- [main] o.apache.catalina.core.StandardService   : Starting service [Tomcat]
2021-06-16 00:37:15.813  INFO 147172 --- [main] org.apache.catalina.core.StandardEngine  : Starting Servlet engine: [Apache Tomcat/9.0.21]
2021-06-16 00:37:16.038  INFO 147172 --- [main] o.a.c.c.C.[Tomcat].[localhost].[/api]    : Initializing Spring embedded WebApplicationContext
2021-06-16 00:37:16.039  INFO 147172 --- [main] o.s.web.context.ContextLoader            : Root WebApplicationContext: initialization completed in 2339 ms
2021-06-16 00:37:16.538  INFO 147172 --- [main] com.zaxxer.hikari.HikariDataSource       : migration-pool - Starting...
2021-06-16 00:37:17.072  INFO 147172 --- [main] com.zaxxer.hikari.HikariDataSource       : migration-pool - Start completed.
2021-06-16 00:37:17.177  INFO 147172 --- [main] o.hibernate.jpa.internal.util.LogHelper  : HHH000204: Processing PersistenceUnitInfo [
	name: default
	...]
2021-06-16 00:37:17.363  INFO 147172 --- [main] org.hibernate.Version                    : HHH000412: Hibernate Core {5.3.10.Final}
2021-06-16 00:37:17.366  INFO 147172 --- [main] org.hibernate.cfg.Environment            : HHH000206: hibernate.properties not found
2021-06-16 00:37:17.863  INFO 147172 --- [main] o.hibernate.annotations.common.Version   : HCANN000001: Hibernate Commons Annotations {5.0.4.Final}
2021-06-16 00:37:18.333  INFO 147172 --- [main] org.hibernate.dialect.Dialect            : HHH000400: Using dialect: org.hibernate.dialect.PostgreSQLDialect
2021-06-16 00:37:18.389  INFO 147172 --- [main] o.h.e.j.e.i.LobCreatorBuilderImpl        : HHH000422: Disabling contextual LOB creation as connection was null
2021-06-16 00:37:18.423  INFO 147172 --- [main] org.hibernate.type.BasicTypeRegistry     : HHH000270: Type registration [java.util.UUID] overrides previous : org.hibernate.type.UUIDBinaryType@36e43829
2021-06-16 00:37:18.948  WARN 147172 --- [main] org.hibernate.id.UUIDHexGenerator        : HHH000409: Using org.hibernate.id.UUIDHexGenerator which does not generate IETF RFC 4122 compliant UUID values; consider using org.hibernate.id.UUIDGenerator instead
2021-06-16 00:37:20.761  INFO 147172 --- [main] j.LocalContainerEntityManagerFactoryBean : Initialized JPA EntityManagerFactory for persistence unit 'default'
2021-06-16 00:37:20.798  INFO 147172 --- [main] c.u.j.encryptor.DefaultLazyEncryptor     : String Encryptor custom Bean not found with name 'jasyptStringEncryptor'. Initializing Default String Encryptor
2021-06-16 00:37:20.825  INFO 147172 --- [main] c.u.j.encryptor.DefaultLazyEncryptor     : Encryptor config not found for property jasypt.encryptor.algorithm, using default value: PBEWithMD5AndDES
2021-06-16 00:37:20.827  INFO 147172 --- [main] c.u.j.encryptor.DefaultLazyEncryptor     : Encryptor config not found for property jasypt.encryptor.keyObtentionIterations, using default value: 1000
2021-06-16 00:37:20.827  INFO 147172 --- [main] c.u.j.encryptor.DefaultLazyEncryptor     : Encryptor config not found for property jasypt.encryptor.poolSize, using default value: 1
2021-06-16 00:37:20.827  INFO 147172 --- [main] c.u.j.encryptor.DefaultLazyEncryptor     : Encryptor config not found for property jasypt.encryptor.providerName, using default value: null
2021-06-16 00:37:20.828  INFO 147172 --- [main] c.u.j.encryptor.DefaultLazyEncryptor     : Encryptor config not found for property jasypt.encryptor.providerClassName, using default value: null
2021-06-16 00:37:20.829  INFO 147172 --- [main] c.u.j.encryptor.DefaultLazyEncryptor     : Encryptor config not found for property jasypt.encryptor.saltGeneratorClassname, using default value: org.jasypt.salt.RandomSaltGenerator
2021-06-16 00:37:20.830  INFO 147172 --- [main] c.u.j.encryptor.DefaultLazyEncryptor     : Encryptor config not found for property jasypt.encryptor.stringOutputType, using default value: base64
2021-06-16 00:37:22.624  WARN 147172 --- [main] c.n.c.sources.URLConfigurationSource     : No URLs will be polled as dynamic configuration sources.
2021-06-16 00:37:22.624  INFO 147172 --- [main] c.n.c.sources.URLConfigurationSource     : To enable URLs as dynamic configuration sources, define System property archaius.configurationSource.additionalUrls or make config.properties available on classpath.
2021-06-16 00:37:22.636  WARN 147172 --- [main] c.n.c.sources.URLConfigurationSource     : No URLs will be polled as dynamic configuration sources.
2021-06-16 00:37:22.639  INFO 147172 --- [main] c.n.c.sources.URLConfigurationSource     : To enable URLs as dynamic configuration sources, define System property archaius.configurationSource.additionalUrls or make config.properties available on classpath.
2021-06-16 00:37:23.195  INFO 147172 --- [main] o.s.s.concurrent.ThreadPoolTaskExecutor  : Initializing ExecutorService 'applicationTaskExecutor'
2021-06-16 00:37:23.326  WARN 147172 --- [main] aWebConfiguration$JpaWebMvcConfiguration : spring.jpa.open-in-view is enabled by default. Therefore, database queries may be performed during view rendering. Explicitly configure spring.jpa.open-in-view to disable this warning
2021-06-16 00:37:24.343  INFO 147172 --- [main] o.s.b.w.embedded.tomcat.TomcatWebServer  : Tomcat started on port(s): 8083 (http) with context path '/api'
2021-06-16 00:37:24.349  INFO 147172 --- [main] c.m.migration.MigrationApplication       : Started MigrationApplication in 12.133 seconds (JVM running for 12.821)
2021-06-16 00:37:58.826  INFO 147172 --- [http-nio-8083-exec-1] o.a.c.c.C.[Tomcat].[localhost].[/api]    : Initializing Spring DispatcherServlet 'dispatcherServlet'
2021-06-16 00:37:58.826  INFO 147172 --- [http-nio-8083-exec-1] o.s.web.servlet.DispatcherServlet        : Initializing Servlet 'dispatcherServlet'
2021-06-16 00:37:58.837  INFO 147172 --- [http-nio-8083-exec-1] o.s.web.servlet.DispatcherServlet        : Completed initialization in 11 ms
2021-06-16 00:37:58.939  INFO 147172 --- [http-nio-8083-exec-1] o.h.h.i.QueryTranslatorFactoryInitiator  : HHH000397: Using ASTQueryTranslatorFactory
2021-06-16 00:37:59.135  INFO 147172 --- [http-nio-8083-exec-1] c.m.migration.process.MigrationProcess   : Total user kyc records in data base are 5
2021-06-16 00:37:59.135  INFO 147172 --- [http-nio-8083-exec-1] c.m.migration.process.MigrationProcess   : Migration started.
2021-06-16 00:38:01.206  INFO 147172 --- [http-nio-8083-exec-1] c.m.migration.process.MigrationProcess   : Total records processed till now 20.
2021-06-16 00:38:01.207  INFO 147172 --- [http-nio-8083-exec-1] c.m.migration.process.MigrationProcess   : 20 records processed successfully.
2021-06-16 00:38:01.207  INFO 147172 --- [http-nio-8083-exec-1] c.m.migration.process.MigrationProcess   : Migration completed in 2072 ms.
2021-06-16 00:38:01.207  INFO 147172 --- [http-nio-8083-exec-1] c.m.migration.process.MigrationProcess   : Total records processed successfully 5.
